<?xml version="1.0" encoding="UTF-8"?>
<robot generator="Robot 4.1.3 (Python 3.10.2 on linux)" generated="20220211 07:51:01.311" rpa="false" schemaversion="2">
<suite id="s1" name="Test Robot" source="/mnt/c/Users/landi/Documents/Programming/robot_framework/test_robot.robot">
<test id="s1-t1" name="Validate welcome message returned">
<kw name="Welcome" library="python_app">
<var>${result}</var>
<arg>Landi</arg>
<msg timestamp="20220211 07:51:01.356" level="INFO">${result} = Hello Landi, welcome Robot Framework Basic course!</msg>
<status status="PASS" starttime="20220211 07:51:01.355" endtime="20220211 07:51:01.356"/>
</kw>
<kw name="Log To Console" library="BuiltIn">
<arg>${result}</arg>
<doc>Logs the given message to the console.</doc>
<status status="PASS" starttime="20220211 07:51:01.356" endtime="20220211 07:51:01.356"/>
</kw>
<kw name="Should Be Equal" library="BuiltIn">
<arg>${result}</arg>
<arg>Hello Landi, welcome Robot Framework Basic course!</arg>
<doc>Fails if the given objects are unequal.</doc>
<status status="PASS" starttime="20220211 07:51:01.356" endtime="20220211 07:51:01.357"/>
</kw>
<status status="PASS" starttime="20220211 07:51:01.354" endtime="20220211 07:51:01.357"/>
</test>
<status status="PASS" starttime="20220211 07:51:01.314" endtime="20220211 07:51:01.357"/>
</suite>
<statistics>
<total>
<stat pass="1" fail="0" skip="0">All Tests</stat>
</total>
<tag>
</tag>
<suite>
<stat pass="1" fail="0" skip="0" id="s1" name="Test Robot">Test Robot</stat>
</suite>
</statistics>
<errors>
</errors>
</robot>
